[0m20:39:09.736232 [debug] [MainThread]: Sending event: {'category': 'dbt', 'action': 'invocation', 'label': 'start', 'context': [<snowplow_tracker.self_describing_json.SelfDescribingJson object at 0x0000014E39213D50>, <snowplow_tracker.self_describing_json.SelfDescribingJson object at 0x0000014E39213FD0>, <snowplow_tracker.self_describing_json.SelfDescribingJson object at 0x0000014E392139D0>]}


============================== 20:39:09.751187 | e16f7e45-1c79-4b8b-b993-c768143e548e ==============================
[0m20:39:09.751187 [info ] [MainThread]: Running with dbt=1.10.13
[0m20:39:09.753200 [debug] [MainThread]: running dbt with arguments {'printer_width': '80', 'write_json': 'True', 'cache_selected_only': 'False', 'warn_error': 'None', 'empty': 'None', 'debug': 'False', 'static_parser': 'True', 'log_cache_events': 'False', 'profiles_dir': 'C:\\Users\\LARRY\\.dbt', 'log_format': 'default', 'quiet': 'False', 'use_colors': 'True', 'partial_parse': 'True', 'version_check': 'True', 'log_path': 'logs', 'introspect': 'True', 'no_print': 'None', 'fail_fast': 'False', 'warn_error_options': 'WarnErrorOptionsV2(error=[], warn=[], silence=[])', 'invocation_command': 'dbt init dbt_fundamentals', 'send_anonymous_usage_stats': 'True', 'indirect_selection': 'eager', 'use_experimental_parser': 'False', 'target_path': 'None'}
[0m20:39:09.796342 [debug] [MainThread]: Starter project path: C:\Users\LARRY\anaconda3\envs\tech-interview\Lib\site-packages\dbt\include\starter_project
[0m20:39:09.846581 [info ] [MainThread]: 
Your new dbt project "dbt_fundamentals" was created!

For more information on how to configure the profiles.yml file,
please consult the dbt documentation here:

  https://docs.getdbt.com/docs/configure-your-profile

One more thing:

Need help? Don't hesitate to reach out to us via GitHub issues or on Slack:

  https://community.getdbt.com/

Happy modeling!

[0m20:39:09.846581 [info ] [MainThread]: Setting up your profile.
[0m20:45:59.757570 [info ] [MainThread]: Profile dbt_fundamentals written to C:\Users\LARRY\.dbt\profiles.yml using target's profile_template.yml and your supplied values. Run 'dbt debug' to validate the connection.
[0m20:45:59.760689 [debug] [MainThread]: Command `dbt init` succeeded at 20:45:59.760689 after 410.15 seconds
[0m20:45:59.762297 [debug] [MainThread]: Sending event: {'category': 'dbt', 'action': 'invocation', 'label': 'end', 'context': [<snowplow_tracker.self_describing_json.SelfDescribingJson object at 0x0000014E32393ED0>, <snowplow_tracker.self_describing_json.SelfDescribingJson object at 0x0000014E38F6A0D0>, <snowplow_tracker.self_describing_json.SelfDescribingJson object at 0x0000014E50D84990>]}
[0m20:45:59.763404 [debug] [MainThread]: Flushing usage events
[0m20:46:01.871406 [debug] [MainThread]: An error was encountered while trying to flush usage events
