[0m18:38:48.958939 [debug] [MainThread]: Sending event: {'category': 'dbt', 'action': 'invocation', 'label': 'start', 'context': [<snowplow_tracker.self_describing_json.SelfDescribingJson object at 0x000001D8C363B150>, <snowplow_tracker.self_describing_json.SelfDescribingJson object at 0x000001D8C3640690>, <snowplow_tracker.self_describing_json.SelfDescribingJson object at 0x000001D8C3640F90>]}


============================== 18:38:48.971405 | 04b6df53-fb6d-4dc1-a47a-600fb8fa7d0e ==============================
[0m18:38:48.971405 [info ] [MainThread]: Running with dbt=1.10.13
[0m18:38:48.974391 [debug] [MainThread]: running dbt with arguments {'printer_width': '80', 'write_json': 'True', 'cache_selected_only': 'False', 'warn_error': 'None', 'empty': 'None', 'debug': 'False', 'static_parser': 'True', 'log_cache_events': 'False', 'profiles_dir': 'C:\\Users\\LARRY\\.dbt', 'log_format': 'default', 'quiet': 'False', 'use_colors': 'True', 'partial_parse': 'True', 'version_check': 'True', 'log_path': 'logs', 'introspect': 'True', 'invocation_command': 'dbt init dbt-data-analysis', 'fail_fast': 'False', 'warn_error_options': 'WarnErrorOptionsV2(error=[], warn=[], silence=[])', 'no_print': 'None', 'send_anonymous_usage_stats': 'True', 'indirect_selection': 'eager', 'use_experimental_parser': 'False', 'target_path': 'None'}
[0m18:38:49.127690 [info ] [MainThread]: Creating dbt configuration folder at C:\Users\LARRY\.dbt
[0m18:51:52.498548 [debug] [MainThread]: Starter project path: C:\Users\LARRY\anaconda3\envs\tech-interview\Lib\site-packages\dbt\include\starter_project
[0m18:51:52.619770 [info ] [MainThread]: 
Your new dbt project "dbt_data_analysis" was created!

For more information on how to configure the profiles.yml file,
please consult the dbt documentation here:

  https://docs.getdbt.com/docs/configure-your-profile

One more thing:

Need help? Don't hesitate to reach out to us via GitHub issues or on Slack:

  https://community.getdbt.com/

Happy modeling!

[0m18:51:52.628645 [info ] [MainThread]: Setting up your profile.
[0m18:53:08.902245 [info ] [MainThread]: Profile dbt_data_analysis written to C:\Users\LARRY\.dbt\profiles.yml using target's sample configuration. Once updated, you'll be able to start developing with dbt.
[0m18:53:08.905294 [debug] [MainThread]: Command `dbt init` succeeded at 18:53:08.903760 after 860.30 seconds
[0m18:53:08.906837 [debug] [MainThread]: Sending event: {'category': 'dbt', 'action': 'invocation', 'label': 'end', 'context': [<snowplow_tracker.self_describing_json.SelfDescribingJson object at 0x000001D8C35D7F10>, <snowplow_tracker.self_describing_json.SelfDescribingJson object at 0x000001D8C2740290>, <snowplow_tracker.self_describing_json.SelfDescribingJson object at 0x000001D8C336F450>]}
[0m18:53:08.908346 [debug] [MainThread]: Flushing usage events
[0m18:53:11.130490 [debug] [MainThread]: An error was encountered while trying to flush usage events
